********************************************************************************
DUPLICATOR-LITE PACKAGE-LOG: 9 August 2020 3:22 pm
NOTICE: Do NOT post to public sites or forums 
********************************************************************************
VERSION:	1.3.36
WORDPRESS:	5.4.2
PHP INFO:	7.2.32 | SAPI: apache2handler
SERVER:		Apache/2.4.43 (Win64) OpenSSL/1.1.1g PHP/7.2.32 
PHP TIME LIMIT: (0) no time limit imposed 
PHP MAX MEMORY: 4294967296 (512M default) 
MEMORY STACK: 26MB

********************************************************************************
DATABASE:
********************************************************************************
BUILD MODE:   MYSQLDUMP
MYSQLTIMEOUT: 5000
MYSQLDUMP:    Is Supported
SQL CREATED: 20200809_karangtarunadesabandingan_c30150c10ce87b061863_20200809152130_database.sql
SQL FILE SIZE: 865.79KB (886564)
SQL FILE TIME: 2020-08-09 15:22:37
SQL RUNTIME: 4.85 sec.

********************************************************************************
ARCHIVE (ZIP):
********************************************************************************
ARCHIVE DIR:  C:/xampp/htdocs
ARCHIVE FILE: 20200809_karangtarunadesabandingan_c30150c10ce87b061863_20200809152130_archive.zip
FILTERS: *ON*
DIRS:
	not set
FILES:
	C:/xampp/htdocs/htdocs.zip
EXTS:  not set
----------------------------------------
COMPRESSING
SIZE:	130.65MB
STATS:	Dirs 528 | Files 4,104
SQL ADDED: 20200809_karangtarunadesabandingan_c30150c10ce87b061863_20200809152130_database.sql
ZipArchive Object
(
    [status] => 0
    [statusSys] => 0
    [numFiles] => 4632
    [filename] => C:\xampp\htdocs\wp-content\backups-dup-lite\tmp\20200809_karangtarunadesabandingan_c30150c10ce87b061863_20200809152130_archive.zip
    [comment] => 
)

FILE ADDED TO ZIP: 4631
COMPRESSION RESULT: '1'
COMPRESSED SIZE: 72.55MB
ARCHIVE RUNTIME: 22.54 sec.
MEMORY STACK: 28MB
building installer
add_extra_files1
add_extra_files2
add_extra_files3
add_extra_files4
Doing archive file check
add_extra_files5
add_extra_files6
add_extra_files8
Successfully opened zip C:/xampp/htdocs/wp-content/backups-dup-lite/tmp/20200809_karangtarunadesabandingan_c30150c10ce87b061863_20200809152130_archive.zip
Adding enhanced installer files to archive using ZipArchive
Installer files added to archive
Added to archive
After ziparchive close when adding installer

********************************************************************************
INTEGRITY CHECKS:
********************************************************************************
SQL FILE: 865.79KB
INSTALLER FILE: 61.33KB
ARCHIVE FILE: 74.04MB 
EXPECTED FILE/DIRECTORY COUNT: 4,632
ACTUAL FILE/DIRECTORY COUNT: 4,631
ARCHIVE CONSISTENCY TEST: Pass

********************************************************************************
RECORD ID:[1]
TOTAL PROCESS RUNTIME: 29.01 sec.
PEAK PHP MEMORY USED: 28MB
DONE PROCESSING => 20200809_karangtarunadesabandingan 9 August 2020 3:23 pm

